[ {
  "error" : "Error",
  "currentMoviesList" : [ ],
  "currentUser" : null
}, {
  "error" : "Error",
  "currentMoviesList" : [ ],
  "currentUser" : null
}, {
  "error" : "Error",
  "currentMoviesList" : [ ],
  "currentUser" : null
}, {
  "error" : "Error",
  "currentMoviesList" : [ ],
  "currentUser" : null
}, {
  "error" : "Error",
  "currentMoviesList" : [ ],
  "currentUser" : null
}, {
  "user" : {
    "credentials" : null,
    "tokensCount" : 0,
    "numFreePremiumMovies" : 0,
    "purchasedMovies" : null,
    "watchedMovie" : null,
    "lickedMovie" : null,
    "ratedMovie" : null
  }
} ]